Determining if the pthread_create exist failed with the following output:
Change Dir: /home/sajithaliyanage/Documents/Projects/onion-monero-blockchain-explorer/cmake-build-debug/CMakeFiles/CMakeTmp

Run Build Command:"/usr/bin/make" "cmTC_dd4d2/fast"
/usr/bin/make -f CMakeFiles/cmTC_dd4d2.dir/build.make CMakeFiles/cmTC_dd4d2.dir/build
make[1]: Entering directory '/home/sajithaliyanage/Documents/Projects/onion-monero-blockchain-explorer/cmake-build-debug/CMakeFiles/CMakeTmp'
Building C object CMakeFiles/cmTC_dd4d2.dir/CheckSymbolExists.c.o
/usr/bin/cc    -o CMakeFiles/cmTC_dd4d2.dir/CheckSymbolExists.c.o   -c /home/sajithaliyanage/Documents/Projects/onion-monero-blockchain-explorer/cmake-build-debug/CMakeFiles/CMakeTmp/CheckSymbolExists.c
Linking C executable cmTC_dd4d2
/home/sajithaliyanage/Documents/Softwares/clion-2017.3.4/bin/cmake/bin/cmake -E cmake_link_script CMakeFiles/cmTC_dd4d2.dir/link.txt --verbose=1
/usr/bin/cc      -rdynamic CMakeFiles/cmTC_dd4d2.dir/CheckSymbolExists.c.o  -o cmTC_dd4d2 
CMakeFiles/cmTC_dd4d2.dir/CheckSymbolExists.c.o: In function `main':
CheckSymbolExists.c:(.text+0x16): undefined reference to `pthread_create'
collect2: error: ld returned 1 exit status
CMakeFiles/cmTC_dd4d2.dir/build.make:97: recipe for target 'cmTC_dd4d2' failed
make[1]: *** [cmTC_dd4d2] Error 1
make[1]: Leaving directory '/home/sajithaliyanage/Documents/Projects/onion-monero-blockchain-explorer/cmake-build-debug/CMakeFiles/CMakeTmp'
Makefile:126: recipe for target 'cmTC_dd4d2/fast' failed
make: *** [cmTC_dd4d2/fast] Error 2

File /home/sajithaliyanage/Documents/Projects/onion-monero-blockchain-explorer/cmake-build-debug/CMakeFiles/CMakeTmp/CheckSymbolExists.c:
/* */
#include <pthread.h>

int main(int argc, char** argv)
{
  (void)argv;
#ifndef pthread_create
  return ((int*)(&pthread_create))[argc];
#else
  (void)argc;
  return 0;
#endif
}

Determining if the function pthread_create exists in the pthreads failed with the following output:
Change Dir: /home/sajithaliyanage/Documents/Projects/onion-monero-blockchain-explorer/cmake-build-debug/CMakeFiles/CMakeTmp

Run Build Command:"/usr/bin/make" "cmTC_d0d15/fast"
/usr/bin/make -f CMakeFiles/cmTC_d0d15.dir/build.make CMakeFiles/cmTC_d0d15.dir/build
make[1]: Entering directory '/home/sajithaliyanage/Documents/Projects/onion-monero-blockchain-explorer/cmake-build-debug/CMakeFiles/CMakeTmp'
Building C object CMakeFiles/cmTC_d0d15.dir/CheckFunctionExists.c.o
/usr/bin/cc   -DCHECK_FUNCTION_EXISTS=pthread_create   -o CMakeFiles/cmTC_d0d15.dir/CheckFunctionExists.c.o   -c /home/sajithaliyanage/Documents/Softwares/clion-2017.3.4/bin/cmake/share/cmake-3.9/Modules/CheckFunctionExists.c
Linking C executable cmTC_d0d15
/home/sajithaliyanage/Documents/Softwares/clion-2017.3.4/bin/cmake/bin/cmake -E cmake_link_script CMakeFiles/cmTC_d0d15.dir/link.txt --verbose=1
/usr/bin/cc  -DCHECK_FUNCTION_EXISTS=pthread_create    -rdynamic CMakeFiles/cmTC_d0d15.dir/CheckFunctionExists.c.o  -o cmTC_d0d15 -lpthreads 
/usr/bin/ld: cannot find -lpthreads
collect2: error: ld returned 1 exit status
CMakeFiles/cmTC_d0d15.dir/build.make:97: recipe for target 'cmTC_d0d15' failed
make[1]: *** [cmTC_d0d15] Error 1
make[1]: Leaving directory '/home/sajithaliyanage/Documents/Projects/onion-monero-blockchain-explorer/cmake-build-debug/CMakeFiles/CMakeTmp'
Makefile:126: recipe for target 'cmTC_d0d15/fast' failed
make: *** [cmTC_d0d15/fast] Error 2


