Determining if the pthread_create exist failed with the following output:
Change Dir: /home/sajithaliyanage/Documents/Projects/onion-monero-blockchain-explorer/CMakeFiles/CMakeTmp

Run Build Command:"/usr/bin/make" "cmTC_2984d/fast"
/usr/bin/make -f CMakeFiles/cmTC_2984d.dir/build.make CMakeFiles/cmTC_2984d.dir/build
make[1]: Entering directory '/home/sajithaliyanage/Documents/Projects/onion-monero-blockchain-explorer/CMakeFiles/CMakeTmp'
Building C object CMakeFiles/cmTC_2984d.dir/CheckSymbolExists.c.o
/usr/bin/cc    -o CMakeFiles/cmTC_2984d.dir/CheckSymbolExists.c.o   -c /home/sajithaliyanage/Documents/Projects/onion-monero-blockchain-explorer/CMakeFiles/CMakeTmp/CheckSymbolExists.c
Linking C executable cmTC_2984d
/home/sajithaliyanage/Documents/Softwares/clion-2017.3.4/bin/cmake/bin/cmake -E cmake_link_script CMakeFiles/cmTC_2984d.dir/link.txt --verbose=1
/usr/bin/cc      -rdynamic CMakeFiles/cmTC_2984d.dir/CheckSymbolExists.c.o  -o cmTC_2984d 
CMakeFiles/cmTC_2984d.dir/CheckSymbolExists.c.o: In function `main':
CheckSymbolExists.c:(.text+0x16): undefined reference to `pthread_create'
collect2: error: ld returned 1 exit status
CMakeFiles/cmTC_2984d.dir/build.make:97: recipe for target 'cmTC_2984d' failed
make[1]: *** [cmTC_2984d] Error 1
make[1]: Leaving directory '/home/sajithaliyanage/Documents/Projects/onion-monero-blockchain-explorer/CMakeFiles/CMakeTmp'
Makefile:126: recipe for target 'cmTC_2984d/fast' failed
make: *** [cmTC_2984d/fast] Error 2

File /home/sajithaliyanage/Documents/Projects/onion-monero-blockchain-explorer/CMakeFiles/CMakeTmp/CheckSymbolExists.c:
/* */
#include <pthread.h>

int main(int argc, char** argv)
{
  (void)argv;
#ifndef pthread_create
  return ((int*)(&pthread_create))[argc];
#else
  (void)argc;
  return 0;
#endif
}

Determining if the function pthread_create exists in the pthreads failed with the following output:
Change Dir: /home/sajithaliyanage/Documents/Projects/onion-monero-blockchain-explorer/CMakeFiles/CMakeTmp

Run Build Command:"/usr/bin/make" "cmTC_99934/fast"
/usr/bin/make -f CMakeFiles/cmTC_99934.dir/build.make CMakeFiles/cmTC_99934.dir/build
make[1]: Entering directory '/home/sajithaliyanage/Documents/Projects/onion-monero-blockchain-explorer/CMakeFiles/CMakeTmp'
Building C object CMakeFiles/cmTC_99934.dir/CheckFunctionExists.c.o
/usr/bin/cc   -DCHECK_FUNCTION_EXISTS=pthread_create   -o CMakeFiles/cmTC_99934.dir/CheckFunctionExists.c.o   -c /home/sajithaliyanage/Documents/Softwares/clion-2017.3.4/bin/cmake/share/cmake-3.9/Modules/CheckFunctionExists.c
Linking C executable cmTC_99934
/home/sajithaliyanage/Documents/Softwares/clion-2017.3.4/bin/cmake/bin/cmake -E cmake_link_script CMakeFiles/cmTC_99934.dir/link.txt --verbose=1
/usr/bin/cc  -DCHECK_FUNCTION_EXISTS=pthread_create    -rdynamic CMakeFiles/cmTC_99934.dir/CheckFunctionExists.c.o  -o cmTC_99934 -lpthreads 
/usr/bin/ld: cannot find -lpthreads
collect2: error: ld returned 1 exit status
CMakeFiles/cmTC_99934.dir/build.make:97: recipe for target 'cmTC_99934' failed
make[1]: *** [cmTC_99934] Error 1
make[1]: Leaving directory '/home/sajithaliyanage/Documents/Projects/onion-monero-blockchain-explorer/CMakeFiles/CMakeTmp'
Makefile:126: recipe for target 'cmTC_99934/fast' failed
make: *** [cmTC_99934/fast] Error 2


